Wed 20 Mar 2024 09:46:08 PM UTC: 
 exercises.c | 10 +++++++++-
 1 file changed, 9 insertions(+), 1 deletion(-)
 tests:  0|5
total_score: 0/70
c36c39a
Wed 20 Mar 2024 09:48:52 PM UTC: 
 exercises.c | 4 +++-
 1 file changed, 3 insertions(+), 1 deletion(-)
In file included from test.c:5:
exercises.c: In function ‘crea_lista’:
exercises.c:50:28: error: expected ‘;’ before ‘}’ token
   50 |        pushFront(L,numeros)
      |                            ^
      |                            ;
......
   53 |      }
      |      ~                      
Compilation failed
c860e82
Wed 20 Mar 2024 09:49:02 PM UTC: 
 exercises.c | 2 +-
 1 file changed, 1 insertion(+), 1 deletion(-)
 tests:  0|0
4e95a13
Wed 20 Mar 2024 09:53:45 PM UTC: 
 exercises.c | 4 ++--
 1 file changed, 2 insertions(+), 2 deletions(-)
 tests:  0|0
7cb9574
Wed 20 Mar 2024 09:56:38 PM UTC: 
 exercises.c | 3 ---
 1 file changed, 3 deletions(-)
 tests:  1|4
total_score: 10/70
3f5e856
Wed 20 Mar 2024 09:58:50 PM UTC: 
 exercises.c | 1 +
 1 file changed, 1 insertion(+)
 tests:  0|0
be4e261
Wed 20 Mar 2024 09:59:29 PM UTC: 
 exercises.c | 5 +++++
 1 file changed, 5 insertions(+)
 tests:  0|0
b906ccc
Wed 20 Mar 2024 09:59:47 PM UTC: 
 exercises.c | 1 -
 1 file changed, 1 deletion(-)
 tests:  0|0
33b75a5
Wed 20 Mar 2024 10:00:15 PM UTC: 
 exercises.c | 6 +-----
 1 file changed, 1 insertion(+), 5 deletions(-)
 tests:  1|4
total_score: 10/70
cf924c7
Wed 20 Mar 2024 10:13:23 PM UTC: 
 exercises.c | 17 ++++++++++++++++-
 1 file changed, 16 insertions(+), 1 deletion(-)
In file included from test.c:5:
exercises.c: In function ‘sumaLista’:
exercises.c:64:7: error: unused variable ‘suma’ [-Werror=unused-variable]
   64 |   int suma = 0;
      |       ^~~~
cc1: all warnings being treated as errors
Compilation failed
4c9a68b
Wed 20 Mar 2024 10:13:50 PM UTC: 
 exercises.c | 14 --------------
 1 file changed, 14 deletions(-)
 tests:  0|5
total_score: 0/70
810a438
Wed 20 Mar 2024 10:14:59 PM UTC: 
 exercises.c | 2 +-
 1 file changed, 1 insertion(+), 1 deletion(-)
 tests:  0|5
total_score: 0/70
d501b43
Wed 20 Mar 2024 10:16:07 PM UTC: 
 exercises.c | 2 +-
 1 file changed, 1 insertion(+), 1 deletion(-)
 tests:  0|0
8064d95
Wed 20 Mar 2024 10:16:33 PM UTC: 
 exercises.c | 2 +-
 1 file changed, 1 insertion(+), 1 deletion(-)
 tests:  0|0
938181f
Wed 20 Mar 2024 10:18:54 PM UTC: 
 exercises.c | 6 +++++-
 1 file changed, 5 insertions(+), 1 deletion(-)
 tests:  0|0
8a42dd7
Wed 20 Mar 2024 10:19:19 PM UTC: 
 exercises.c | 1 +
 1 file changed, 1 insertion(+)
 tests:  0|0
a39d785
Wed 20 Mar 2024 10:19:40 PM UTC: 
 exercises.c | 2 +-
 1 file changed, 1 insertion(+), 1 deletion(-)
In file included from test.c:5:
exercises.c: In function ‘crea_lista’:
exercises.c:58:3: error: ‘free’ called on unallocated object ‘numero’ [-Werror=free-nonheap-object]
   58 |   free(numero);
      |   ^~~~~~~~~~~~
exercises.c:53:8: note: declared here
   53 |    int numero[10] = {1,2,3,4,5,6,7,8,9,10};
      |        ^~~~~~
cc1: all warnings being treated as errors
Compilation failed
2c31dc2
Wed 20 Mar 2024 10:24:08 PM UTC: 
 exercises.c | 7 -------
 1 file changed, 7 deletions(-)
 tests:  1|4
total_score: 10/70
0f10bd1
Wed 20 Mar 2024 10:29:09 PM UTC: 
 exercises.c | 13 +++++++++++--
 1 file changed, 11 insertions(+), 2 deletions(-)
In file included from test.c:5:
exercises.c: In function ‘crea_lista’:
exercises.c:52:15: error: array subscript [1, 10] is outside array bounds of ‘int[1]’ [-Werror=array-bounds]
   52 |        numeros[i] = i;
      |        ~~~~~~~^~~
exercises.c:48:15: note: referencing an object of size 4 allocated by ‘malloc’
   48 |     numeros = malloc(sizeof(int));
      |               ^~~~~~~~~~~~~~~~~~~
cc1: all warnings being treated as errors
Compilation failed
f3e2735
Wed 20 Mar 2024 10:29:22 PM UTC: 
 exercises.c | 2 +-
 1 file changed, 1 insertion(+), 1 deletion(-)
In file included from test.c:5:
exercises.c: In function ‘crea_lista’:
exercises.c:52:16: error: assignment to ‘int *’ from ‘int’ makes pointer from integer without a cast [-Werror=int-conversion]
   52 |        numeros = i;
      |                ^
cc1: all warnings being treated as errors
Compilation failed
c8628ff
Wed 20 Mar 2024 10:29:45 PM UTC: 
 exercises.c | 2 +-
 1 file changed, 1 insertion(+), 1 deletion(-)
 tests:  0|5
total_score: 0/70
c15b423
Wed 20 Mar 2024 10:39:13 PM UTC: 
 exercises.c | 14 +++++++-------
 1 file changed, 7 insertions(+), 7 deletions(-)
 tests:  1|4
total_score: 10/70
fb70dff
Wed 20 Mar 2024 10:43:08 PM UTC: 
 exercises.c | 9 ++++-----
 1 file changed, 4 insertions(+), 5 deletions(-)
 tests:  1|4
total_score: 10/70
3d320d1
Wed 20 Mar 2024 10:44:04 PM UTC: 
 exercises.c | 2 +-
 1 file changed, 1 insertion(+), 1 deletion(-)
 tests:  1|4
total_score: 10/70
1df35e3
Wed 20 Mar 2024 10:44:45 PM UTC: 
 exercises.c | 7 +------
 1 file changed, 1 insertion(+), 6 deletions(-)
 tests:  1|4
total_score: 10/70
9259752
Wed 20 Mar 2024 10:45:56 PM UTC: 
 exercises.c | 1 +
 1 file changed, 1 insertion(+)
 tests:  0|5
total_score: 0/70
77a7102
Wed 20 Mar 2024 10:49:47 PM UTC: 
 exercises.c | 2 +-
 1 file changed, 1 insertion(+), 1 deletion(-)
 tests:  1|4
total_score: 10/70
8684eb4
Wed 20 Mar 2024 10:50:21 PM UTC: 
 exercises.c | 1 +
 1 file changed, 1 insertion(+)
 tests:  0|5
total_score: 0/70
1ed6107
Wed 20 Mar 2024 10:51:49 PM UTC: 
 exercises.c | 1 -
 1 file changed, 1 deletion(-)
 tests:  1|4
total_score: 10/70
e86356c
Wed 20 Mar 2024 10:57:32 PM UTC: 
 exercises.c | 12 +++++++++---
 1 file changed, 9 insertions(+), 3 deletions(-)
 tests:  0|5
total_score: 0/70
2d7df09
Wed 20 Mar 2024 10:58:09 PM UTC: 
 exercises.c | 1 -
 1 file changed, 1 deletion(-)
 tests:  0|5
total_score: 0/70
48d467a
Wed 20 Mar 2024 10:59:16 PM UTC: 
 exercises.c | 4 ++--
 1 file changed, 2 insertions(+), 2 deletions(-)
 tests:  1|4
total_score: 10/70
8f3037c
Wed 20 Mar 2024 10:59:45 PM UTC: 
 exercises.c | 1 +
 1 file changed, 1 insertion(+)
 tests:  0|5
total_score: 0/70
4f5b307
Wed 20 Mar 2024 11:00:22 PM UTC: 
 exercises.c | 2 +-
 1 file changed, 1 insertion(+), 1 deletion(-)
 tests:  1|4
total_score: 10/70
e24234e
Wed 20 Mar 2024 11:01:01 PM UTC: 
 exercises.c | 2 +-
 1 file changed, 1 insertion(+), 1 deletion(-)
 tests:  0|5
total_score: 0/70
b8c5207
Wed 20 Mar 2024 11:01:21 PM UTC: 
 exercises.c | 1 -
 1 file changed, 1 deletion(-)
 tests:  1|4
total_score: 10/70
994766a
Wed 20 Mar 2024 11:07:01 PM UTC: 
 exercises.c | 2 +-
 1 file changed, 1 insertion(+), 1 deletion(-)
 tests:  0|5
total_score: 0/70
e2ff0b2
Wed 20 Mar 2024 11:07:27 PM UTC: 
 exercises.c | 1 +
 1 file changed, 1 insertion(+)
 tests:  0|5
total_score: 0/70
cc9d206
Wed 20 Mar 2024 11:08:06 PM UTC: 
 exercises.c | 2 +-
 1 file changed, 1 insertion(+), 1 deletion(-)
 tests:  0|5
total_score: 0/70
8502bc0
Wed 20 Mar 2024 11:08:56 PM UTC: 
 exercises.c | 3 +--
 1 file changed, 1 insertion(+), 2 deletions(-)
 tests:  1|4
total_score: 10/70
2d61b02
Wed 20 Mar 2024 11:10:27 PM UTC: 
 exercises.c | 1 +
 1 file changed, 1 insertion(+)
 tests:  0|5
total_score: 0/70
fb43f79
Wed 20 Mar 2024 11:12:59 PM UTC: 
 exercises.c | 1 -
 1 file changed, 1 deletion(-)
 tests:  1|4
total_score: 10/70
0211178
Wed 20 Mar 2024 11:14:56 PM UTC: 
 exercises.c | 2 +-
 1 file changed, 1 insertion(+), 1 deletion(-)
 tests:  1|4
total_score: 10/70
d40c387
Wed 20 Mar 2024 11:37:34 PM UTC: 
 exercises.c | 12 ++++++++++--
 1 file changed, 10 insertions(+), 2 deletions(-)
In file included from test.c:5:
exercises.c: In function ‘eliminaElementos’:
exercises.c:93:10: error: expected expression before ‘)’ token
   93 |   while ()
      |          ^
Compilation failed
bbe3c9c
Thu 21 Mar 2024 06:28:31 PM UTC: 
 exercises.c | 14 +++++---------
 1 file changed, 5 insertions(+), 9 deletions(-)
 tests:  2|3
total_score: 20/70
0983118
Thu 21 Mar 2024 06:44:47 PM UTC: 
 exercises.c | 9 +++++++++
 1 file changed, 9 insertions(+)
 tests:  3|2
total_score: 40/70
e67e360
Thu 21 Mar 2024 06:46:22 PM UTC: 
 exercises.c | 11 ++++++-----
 1 file changed, 6 insertions(+), 5 deletions(-)
 tests:  3|2
total_score: 40/70
0ee8bfa
Thu 21 Mar 2024 07:02:14 PM UTC: 
 exercises.c | 5 +++++
 1 file changed, 5 insertions(+)
 tests:  0|0
74a751b
Thu 21 Mar 2024 07:04:00 PM UTC: 
 exercises.c | 3 ++-
 1 file changed, 2 insertions(+), 1 deletion(-)
 tests:  0|0
44d2a25
Thu 21 Mar 2024 07:04:24 PM UTC: 
 exercises.c | 7 +------
 1 file changed, 1 insertion(+), 6 deletions(-)
 tests:  3|2
total_score: 40/70
cf3299d
Thu 21 Mar 2024 07:10:18 PM UTC: 
 exercises.c | 5 ++++-
 1 file changed, 4 insertions(+), 1 deletion(-)
 tests:  0|0
73a512d
Thu 21 Mar 2024 07:10:49 PM UTC: 
 exercises.c | 5 +----
 1 file changed, 1 insertion(+), 4 deletions(-)
 tests:  3|2
total_score: 40/70
a698908
Thu 21 Mar 2024 07:58:09 PM UTC: 
 exercises.c | 2 +-
 1 file changed, 1 insertion(+), 1 deletion(-)
 tests:  3|2
total_score: 40/70
6cf316f
Thu 21 Mar 2024 08:26:48 PM UTC: 
 exercises.c | 13 ++++++++++++-
 1 file changed, 12 insertions(+), 1 deletion(-)
 tests:  4|1
total_score: 50/70
eb45747
Fri 22 Mar 2024 06:10:20 PM UTC: 
 exercises.c | 4 +++-
 1 file changed, 3 insertions(+), 1 deletion(-)
 tests:  4|1
total_score: 50/70
c033283
Sat 23 Mar 2024 06:14:11 PM UTC: 
 exercises.c | 55 +++++++++++++++++++++++++++++++++++++++++++++++++++++++
 1 file changed, 55 insertions(+)
In file included from test.c:5:
exercises.c: In function ‘parentesisBalanceados’:
exercises.c:133:17: error: implicit declaration of function ‘createStack’; did you mean ‘create_stack’? [-Werror=implicit-function-declaration]
  133 |   Stack* pila = createStack();
      |                 ^~~~~~~~~~~
      |                 create_stack
exercises.c:133:17: error: initialization of ‘Stack *’ {aka ‘List *’} from ‘int’ makes pointer from integer without a cast [-Werror=int-conversion]
exercises.c:143:36: error: passing argument 2 of ‘push’ makes pointer from integer without a cast [-Werror=int-conversion]
  143 |         case '(': push(pila, cadena[i]);
      |                              ~~~~~~^~~
      |                                    |
      |                                    char
In file included from exercises.c:7,
                 from test.c:5:
stack.h:11:31: note: expected ‘void *’ but argument is of type ‘char’
   11 | void push(Stack *stack, void *data) { pushFront(stack, data); }
      |                         ~~~~~~^~~~
In file included from test.c:5:
exercises.c:145:36: error: passing argument 2 of ‘push’ makes pointer from integer without a cast [-Werror=int-conversion]
  145 |         case '[': push(pila, cadena[i]);
      |                              ~~~~~~^~~
      |                                    |
      |                                    char
In file included from exercises.c:7,
                 from test.c:5:
stack.h:11:31: note: expected ‘void *’ but argument is of type ‘char’
   11 | void push(Stack *stack, void *data) { pushFront(stack, data); }
      |                         ~~~~~~^~~~
In file included from test.c:5:
exercises.c:147:36: error: passing argument 2 of ‘push’ makes pointer from integer without a cast [-Werror=int-conversion]
  147 |         case '{': push(pila, cadena[i]);
      |                              ~~~~~~^~~
      |                                    |
      |                                    char
In file included from exercises.c:7,
                 from test.c:5:
stack.h:11:31: note: expected ‘void *’ but argument is of type ‘char’
   11 | void push(Stack *stack, void *data) { pushFront(stack, data); }
      |                         ~~~~~~^~~~
In file included from test.c:5:
exercises.c:151:34: error: comparison between pointer and integer [-Werror]
  151 |                     if(top(pila) == '(')
      |                                  ^~
exercises.c:162:34: error: comparison between pointer and integer [-Werror]
  162 |                     if(top(pila) == '[')
      |                                  ^~
exercises.c:172:34: error: comparison between pointer and integer [-Werror]
  172 |                     if(top(pila) == '{')
      |                                  ^~
cc1: all warnings being treated as errors
Compilation failed
8114843
Sat 23 Mar 2024 06:29:40 PM UTC: 
 exercises.c | 52 +++++++++++++---------------------------------------
 1 file changed, 13 insertions(+), 39 deletions(-)
 tests:  4|1
total_score: 50/70
b35db8f
Sat 23 Mar 2024 06:30:53 PM UTC: 
 exercises.c | 2 +-
 1 file changed, 1 insertion(+), 1 deletion(-)
 tests:  4|1
total_score: 50/70
ae47b79
Sat 23 Mar 2024 06:33:10 PM UTC: 
 exercises.c | 10 +++++++++-
 1 file changed, 9 insertions(+), 1 deletion(-)
 tests:  4|1
total_score: 50/70
97b9800
Sat 23 Mar 2024 06:33:31 PM UTC: 
 exercises.c | 2 +-
 1 file changed, 1 insertion(+), 1 deletion(-)
 tests:  4|1
total_score: 50/70
85c6569
Sat 23 Mar 2024 06:35:07 PM UTC: 
 exercises.c | 4 ++--
 1 file changed, 2 insertions(+), 2 deletions(-)
 tests:  4|1
total_score: 50/70
a0de3c3
Sat 23 Mar 2024 06:36:30 PM UTC: 
 exercises.c | 2 +-
 1 file changed, 1 insertion(+), 1 deletion(-)
 tests:  4|1
total_score: 50/70
8007eca
Sat 23 Mar 2024 06:49:59 PM UTC: 
 exercises.c | 30 +++++++++++++-----------------
 1 file changed, 13 insertions(+), 17 deletions(-)
In file included from test.c:5:
exercises.c: In function ‘parentesisBalanceados’:
exercises.c:137:67: error: expected ‘]’ before ‘)’ token
  137 |       if (cadena[i]  == '(' || cadena[i] == '[' || cadena[i == '{')
      |                                                                   ^
      |                                                                   ]
Compilation failed
0da308d
Sat 23 Mar 2024 06:50:27 PM UTC: 
 exercises.c | 2 +-
 1 file changed, 1 insertion(+), 1 deletion(-)
 tests:  4|1
total_score: 50/70
7d7eea2
Sat 23 Mar 2024 06:50:58 PM UTC: 
 exercises.c | 2 +-
 1 file changed, 1 insertion(+), 1 deletion(-)
 tests:  4|1
total_score: 50/70
92a8506
Sat 23 Mar 2024 07:12:04 PM UTC: 
 exercises.c | 17 +++++++----------
 1 file changed, 7 insertions(+), 10 deletions(-)
In file included from test.c:5:
exercises.c: In function ‘parentesisBalanceados’:
exercises.c:157:20: error: invalid use of undefined type ‘struct List’
  157 |         if (pilaAux[i] == NULL)
      |                    ^
exercises.c:157:13: error: invalid use of incomplete typedef ‘Stack’ {aka ‘List’}
  157 |         if (pilaAux[i] == NULL)
      |             ^~~~~~~
exercises.c:165:1: error: control reaches end of non-void function [-Werror=return-type]
  165 | }
      | ^
cc1: all warnings being treated as errors
Compilation failed
a8bcda1
Sat 23 Mar 2024 07:47:03 PM UTC: 
 exercises.c | 33 ++++++++++++---------------------
 1 file changed, 12 insertions(+), 21 deletions(-)
In file included from test.c:5:
exercises.c: In function ‘parentesisBalanceados’:
exercises.c:145:28: error: suggest parentheses around ‘&&’ within ‘||’ [-Werror=parentheses]
  145 |       if (cadena[i] == '(' && *(char*)top(pila) ||
      |           ~~~~~~~~~~~~~~~~~^~~~~~~~~~~~~~~~~~~~
exercises.c:147:28: error: suggest parentheses around ‘&&’ within ‘||’ [-Werror=parentheses]
  147 |           cadena[i] == '[' && *(char*)top(pila))
      |           ~~~~~~~~~~~~~~~~~^~~~~~~~~~~~~~~~~~~~
cc1: all warnings being treated as errors
Compilation failed
9ffe823
Sat 23 Mar 2024 07:48:28 PM UTC: 
 exercises.c | 4 ++++
 1 file changed, 4 insertions(+)
In file included from test.c:5:
exercises.c: In function ‘parentesisBalanceados’:
exercises.c:145:28: error: suggest parentheses around ‘&&’ within ‘||’ [-Werror=parentheses]
  145 |       if (cadena[i] == '(' && *(char*)top(pila) ||
      |           ~~~~~~~~~~~~~~~~~^~~~~~~~~~~~~~~~~~~~
exercises.c:147:28: error: suggest parentheses around ‘&&’ within ‘||’ [-Werror=parentheses]
  147 |           cadena[i] == '[' && *(char*)top(pila)  )
      |           ~~~~~~~~~~~~~~~~~^~~~~~~~~~~~~~~~~~~~
cc1: all warnings being treated as errors
Compilation failed
86e76bd
Sat 23 Mar 2024 07:49:34 PM UTC: 
 exercises.c | 6 +++---
 1 file changed, 3 insertions(+), 3 deletions(-)
In file included from test.c:5:
exercises.c: In function ‘parentesisBalanceados’:
exercises.c:145:28: error: suggest parentheses around ‘&&’ within ‘||’ [-Werror=parentheses]
  145 |       if (cadena[i] == '(' && *(char*)top(pila) == ')' ||
      |           ~~~~~~~~~~~~~~~~~^~~~~~~~~~~~~~~~~~~~~~~~~~~
exercises.c:147:28: error: suggest parentheses around ‘&&’ within ‘||’ [-Werror=parentheses]
  147 |           cadena[i] == '[' && *(char*)top(pila) == ']' )
      |           ~~~~~~~~~~~~~~~~~^~~~~~~~~~~~~~~~~~~~~~~~~~~
cc1: all warnings being treated as errors
Compilation failed
234a8db
Sat 23 Mar 2024 07:52:13 PM UTC: 
 exercises.c | 2 +-
 1 file changed, 1 insertion(+), 1 deletion(-)
In file included from test.c:5:
exercises.c: In function ‘parentesisBalanceados’:
exercises.c:146:28: error: suggest parentheses around ‘&&’ within ‘||’ [-Werror=parentheses]
  146 |       if (cadena[i] == '(' && *(char*)top(pila) == ')' ||
      |           ~~~~~~~~~~~~~~~~~^~~~~~~~~~~~~~~~~~~~~~~~~~~
exercises.c:148:28: error: suggest parentheses around ‘&&’ within ‘||’ [-Werror=parentheses]
  148 |           cadena[i] == '[' && *(char*)top(pila) == ']')
      |           ~~~~~~~~~~~~~~~~~^~~~~~~~~~~~~~~~~~~~~~~~~~~
cc1: all warnings being treated as errors
Compilation failed
3ac2157
Sat 23 Mar 2024 07:54:08 PM UTC: 
 exercises.c | 9 ++++-----
 1 file changed, 4 insertions(+), 5 deletions(-)
In file included from test.c:5:
exercises.c: In function ‘parentesisBalanceados’:
exercises.c:141:28: error: suggest parentheses around ‘&&’ within ‘||’ [-Werror=parentheses]
  141 |       if (cadena[i] == '(' && *(char*)top(pila) == ')' ||
      |           ~~~~~~~~~~~~~~~~~^~~~~~~~~~~~~~~~~~~~~~~~~~~
exercises.c:143:28: error: suggest parentheses around ‘&&’ within ‘||’ [-Werror=parentheses]
  143 |           cadena[i] == '[' && *(char*)top(pila) == ']')
      |           ~~~~~~~~~~~~~~~~~^~~~~~~~~~~~~~~~~~~~~~~~~~~
cc1: all warnings being treated as errors
Compilation failed
68c65d9
Sat 23 Mar 2024 07:54:49 PM UTC: 
 exercises.c | 2 +-
 1 file changed, 1 insertion(+), 1 deletion(-)
In file included from test.c:5:
exercises.c: In function ‘parentesisBalanceados’:
exercises.c:141:33: error: suggest parentheses around ‘&&’ within ‘||’ [-Werror=parentheses]
  141 |       else if (cadena[i] == '(' && *(char*)top(pila) == ')' ||
      |                ~~~~~~~~~~~~~~~~~^~~~~~~~~~~~~~~~~~~~~~~~~~~
exercises.c:143:28: error: suggest parentheses around ‘&&’ within ‘||’ [-Werror=parentheses]
  143 |           cadena[i] == '[' && *(char*)top(pila) == ']')
      |           ~~~~~~~~~~~~~~~~~^~~~~~~~~~~~~~~~~~~~~~~~~~~
cc1: all warnings being treated as errors
Compilation failed
c9f3228
Sat 23 Mar 2024 07:58:31 PM UTC: 
 exercises.c | 5 +++++
 1 file changed, 5 insertions(+)
In file included from test.c:5:
exercises.c: In function ‘parentesisBalanceados’:
exercises.c:137:24: error: suggest parentheses around ‘&&’ within ‘||’ [-Werror=parentheses]
  137 |       if (pila == NULL && cadena[i] ==  ')' || cadena[i] == ']' && cadena[i] ==
      |           ~~~~~~~~~~~~~^~~~~~~~~~~~~~~~~~~~
exercises.c:146:33: error: suggest parentheses around ‘&&’ within ‘||’ [-Werror=parentheses]
  146 |       else if (cadena[i] == '(' && *(char*)top(pila) == ')' ||
      |                ~~~~~~~~~~~~~~~~~^~~~~~~~~~~~~~~~~~~~~~~~~~~
exercises.c:148:33: error: suggest parentheses around ‘&&’ within ‘||’ [-Werror=parentheses]
  148 |                cadena[i] == '[' && *(char*)top(pila) == ']')
      |                ~~~~~~~~~~~~~~~~~^~~~~~~~~~~~~~~~~~~~~~~~~~~
cc1: all warnings being treated as errors
Compilation failed
601cb4a
Sat 23 Mar 2024 07:58:59 PM UTC: 
 exercises.c | 2 +-
 1 file changed, 1 insertion(+), 1 deletion(-)
In file included from test.c:5:
exercises.c: In function ‘parentesisBalanceados’:
exercises.c:137:29: error: suggest parentheses around ‘&&’ within ‘||’ [-Werror=parentheses]
  137 |       if (top(pila) == NULL && cadena[i] ==  ')' || cadena[i] == ']' && cadena[i] ==
      |           ~~~~~~~~~~~~~~~~~~^~~~~~~~~~~~~~~~~~~~
exercises.c:146:33: error: suggest parentheses around ‘&&’ within ‘||’ [-Werror=parentheses]
  146 |       else if (cadena[i] == '(' && *(char*)top(pila) == ')' ||
      |                ~~~~~~~~~~~~~~~~~^~~~~~~~~~~~~~~~~~~~~~~~~~~
exercises.c:148:33: error: suggest parentheses around ‘&&’ within ‘||’ [-Werror=parentheses]
  148 |                cadena[i] == '[' && *(char*)top(pila) == ']')
      |                ~~~~~~~~~~~~~~~~~^~~~~~~~~~~~~~~~~~~~~~~~~~~
cc1: all warnings being treated as errors
Compilation failed
59e7bab
Sat 23 Mar 2024 08:00:50 PM UTC: 
 exercises.c | 4 ++--
 1 file changed, 2 insertions(+), 2 deletions(-)
In file included from test.c:5:
exercises.c: In function ‘parentesisBalanceados’:
exercises.c:137:29: error: suggest parentheses around ‘&&’ within ‘||’ [-Werror=parentheses]
  137 |       if (top(pila) == NULL && cadena[i] ==  ')' ||
      |           ~~~~~~~~~~~~~~~~~~^~~~~~~~~~~~~~~~~~~~
exercises.c:146:33: error: suggest parentheses around ‘&&’ within ‘||’ [-Werror=parentheses]
  146 |       else if (cadena[i] == '(' && *(char*)top(pila) == ')' ||
      |                ~~~~~~~~~~~~~~~~~^~~~~~~~~~~~~~~~~~~~~~~~~~~
exercises.c:148:33: error: suggest parentheses around ‘&&’ within ‘||’ [-Werror=parentheses]
  148 |                cadena[i] == '[' && *(char*)top(pila) == ']')
      |                ~~~~~~~~~~~~~~~~~^~~~~~~~~~~~~~~~~~~~~~~~~~~
cc1: all warnings being treated as errors
Compilation failed
ce870a2
Sat 23 Mar 2024 08:07:08 PM UTC: 
 exercises.c | 2 +-
 1 file changed, 1 insertion(+), 1 deletion(-)
In file included from test.c:5:
exercises.c: In function ‘parentesisBalanceados’:
exercises.c:137:29: error: suggest parentheses around ‘&&’ within ‘||’ [-Werror=parentheses]
  137 |       if (top(pila) == NULL && cadena[i] ==  ')' ||
      |           ~~~~~~~~~~~~~~~~~~^~~~~~~~~~~~~~~~~~~~
exercises.c:146:33: error: suggest parentheses around ‘&&’ within ‘||’ [-Werror=parentheses]
  146 |       else if (cadena[i] == '(' && *(char*)top(pila) == ')' ||
      |                ~~~~~~~~~~~~~~~~~^~~~~~~~~~~~~~~~~~~~~~~~~~~
exercises.c:148:33: error: suggest parentheses around ‘&&’ within ‘||’ [-Werror=parentheses]
  148 |                cadena[i] == '[' && *(char*)top(pila) == ']')
      |                ~~~~~~~~~~~~~~~~~^~~~~~~~~~~~~~~~~~~~~~~~~~~
cc1: all warnings being treated as errors
Compilation failed
b8a6e2e
Sat 23 Mar 2024 08:08:04 PM UTC: 
 exercises.c | 8 ++++----
 1 file changed, 4 insertions(+), 4 deletions(-)
In file included from test.c:5:
exercises.c: In function ‘parentesisBalanceados’:
exercises.c:137:29: error: suggest parentheses around ‘&&’ within ‘||’ [-Werror=parentheses]
  137 |       if (top(pila) == NULL && cadena[i] ==  ')' ||
      |           ~~~~~~~~~~~~~~~~~~^~~~~~~~~~~~~~~~~~~~
exercises.c:146:33: error: suggest parentheses around ‘&&’ within ‘||’ [-Werror=parentheses]
  146 |       else if (cadena[i] == '(' && *(char*)top(pila) == ')' ||
      |                ~~~~~~~~~~~~~~~~~^~~~~~~~~~~~~~~~~~~~~~~~~~~
exercises.c:148:33: error: suggest parentheses around ‘&&’ within ‘||’ [-Werror=parentheses]
  148 |                cadena[i] == '[' && *(char*)top(pila) == ']')
      |                ~~~~~~~~~~~~~~~~~^~~~~~~~~~~~~~~~~~~~~~~~~~~
cc1: all warnings being treated as errors
Compilation failed
c20b271
Sat 23 Mar 2024 08:08:40 PM UTC: 
 exercises.c | 2 +-
 1 file changed, 1 insertion(+), 1 deletion(-)
In file included from test.c:5:
exercises.c: In function ‘parentesisBalanceados’:
exercises.c:137:29: error: suggest parentheses around ‘&&’ within ‘||’ [-Werror=parentheses]
  137 |       if (top(pila) == NULL && cadena[i] ==  ')' ||
      |           ~~~~~~~~~~~~~~~~~~^~~~~~~~~~~~~~~~~~~~
exercises.c:146:33: error: suggest parentheses around ‘&&’ within ‘||’ [-Werror=parentheses]
  146 |       else if (cadena[i] == '(' && *(char*)top(pila) == ')' ||
      |                ~~~~~~~~~~~~~~~~~^~~~~~~~~~~~~~~~~~~~~~~~~~~
exercises.c:148:36: error: suggest parentheses around ‘&&’ within ‘||’ [-Werror=parentheses]
  148 |                   cadena[i] == '[' && *(char*)top(pila) == ']')
      |                   ~~~~~~~~~~~~~~~~~^~~~~~~~~~~~~~~~~~~~~~~~~~~
cc1: all warnings being treated as errors
Compilation failed
5cc3b08
Sat 23 Mar 2024 08:09:23 PM UTC: 
 exercises.c | 2 +-
 1 file changed, 1 insertion(+), 1 deletion(-)
In file included from test.c:5:
exercises.c: In function ‘parentesisBalanceados’:
exercises.c:137:29: error: suggest parentheses around ‘&&’ within ‘||’ [-Werror=parentheses]
  137 |       if (top(pila) == NULL && cadena[i] ==  ')' ||
      |           ~~~~~~~~~~~~~~~~~~^~~~~~~~~~~~~~~~~~~~
exercises.c:146:33: error: suggest parentheses around ‘&&’ within ‘||’ [-Werror=parentheses]
  146 |       else if (cadena[i] == '(' && *(char*)top(pila) == ')' ||
      |                ~~~~~~~~~~~~~~~~~^~~~~~~~~~~~~~~~~~~~~~~~~~~
exercises.c:148:33: error: suggest parentheses around ‘&&’ within ‘||’ [-Werror=parentheses]
  148 |                cadena[i] == '[' && *(char*)top(pila) == ']')
      |                ~~~~~~~~~~~~~~~~~^~~~~~~~~~~~~~~~~~~~~~~~~~~
cc1: all warnings being treated as errors
Compilation failed
209068c
Sat 23 Mar 2024 08:10:20 PM UTC: 
 exercises.c | 2 +-
 1 file changed, 1 insertion(+), 1 deletion(-)
In file included from test.c:5:
exercises.c: In function ‘parentesisBalanceados’:
exercises.c:137:29: error: suggest parentheses around ‘&&’ within ‘||’ [-Werror=parentheses]
  137 |       if (top(pila) == NULL && cadena[i] ==  ')' ||
      |           ~~~~~~~~~~~~~~~~~~^~~~~~~~~~~~~~~~~~~~
exercises.c:146:33: error: suggest parentheses around ‘&&’ within ‘||’ [-Werror=parentheses]
  146 |       else if (cadena[i] == '(' && *(char*)top(pila) == ')' ||
      |                ~~~~~~~~~~~~~~~~~^~~~~~~~~~~~~~~~~~~~~~~~~~~
exercises.c:148:33: error: suggest parentheses around ‘&&’ within ‘||’ [-Werror=parentheses]
  148 |                cadena[i] == '[' && *(char*)top(pila) == ']')
      |                ~~~~~~~~~~~~~~~~~^~~~~~~~~~~~~~~~~~~~~~~~~~~
cc1: all warnings being treated as errors
Compilation failed
a3a1a6d
Sat 23 Mar 2024 08:14:04 PM UTC: 
 exercises.c | 3 +--
 1 file changed, 1 insertion(+), 2 deletions(-)
In file included from test.c:5:
exercises.c: In function ‘parentesisBalanceados’:
exercises.c:137:29: error: suggest parentheses around ‘&&’ within ‘||’ [-Werror=parentheses]
  137 |       if (top(pila) == NULL && cadena[i] ==  ')' || cadena[i] == ']' || cadena[i] == '}')
      |           ~~~~~~~~~~~~~~~~~~^~~~~~~~~~~~~~~~~~~~
exercises.c:145:33: error: suggest parentheses around ‘&&’ within ‘||’ [-Werror=parentheses]
  145 |       else if (cadena[i] == '(' && *(char*)top(pila) == ')' ||
      |                ~~~~~~~~~~~~~~~~~^~~~~~~~~~~~~~~~~~~~~~~~~~~
exercises.c:147:33: error: suggest parentheses around ‘&&’ within ‘||’ [-Werror=parentheses]
  147 |                cadena[i] == '[' && *(char*)top(pila) == ']')
      |                ~~~~~~~~~~~~~~~~~^~~~~~~~~~~~~~~~~~~~~~~~~~~
cc1: all warnings being treated as errors
Compilation failed
f29ee9c
Sat 23 Mar 2024 08:14:24 PM UTC: 
 exercises.c | 3 ++-
 1 file changed, 2 insertions(+), 1 deletion(-)
In file included from test.c:5:
exercises.c: In function ‘parentesisBalanceados’:
exercises.c:137:29: error: suggest parentheses around ‘&&’ within ‘||’ [-Werror=parentheses]
  137 |       if (top(pila) == NULL && cadena[i] ==  ')' || cadena[i] == ']' || cadena[i]
      |           ~~~~~~~~~~~~~~~~~~^~~~~~~~~~~~~~~~~~~~
exercises.c:146:33: error: suggest parentheses around ‘&&’ within ‘||’ [-Werror=parentheses]
  146 |       else if (cadena[i] == '(' && *(char*)top(pila) == ')' ||
      |                ~~~~~~~~~~~~~~~~~^~~~~~~~~~~~~~~~~~~~~~~~~~~
exercises.c:148:33: error: suggest parentheses around ‘&&’ within ‘||’ [-Werror=parentheses]
  148 |                cadena[i] == '[' && *(char*)top(pila) == ']')
      |                ~~~~~~~~~~~~~~~~~^~~~~~~~~~~~~~~~~~~~~~~~~~~
cc1: all warnings being treated as errors
Compilation failed
8c688fe
Sat 23 Mar 2024 08:34:10 PM UTC: 
 exercises.c | 29 +++++++++++++----------------
 1 file changed, 13 insertions(+), 16 deletions(-)
In file included from test.c:5:
exercises.c: In function ‘parentesisBalanceados’:
exercises.c:149:26: error: called object ‘top’ is not a function or function pointer
  149 |       char *top = (char*)top(pila);
      |                          ^~~
exercises.c:149:13: note: declared here
  149 |       char *top = (char*)top(pila);
      |             ^~~
Compilation failed
848402f
Sat 23 Mar 2024 08:35:18 PM UTC: 
 exercises.c | 8 ++++----
 1 file changed, 4 insertions(+), 4 deletions(-)
 tests:  4|1
total_score: 50/70
3432720
Sat 23 Mar 2024 09:10:07 PM UTC: 
 exercises.c | 26 +++++++++++---------------
 1 file changed, 11 insertions(+), 15 deletions(-)
 tests:  5|1
total_score: 50/70
ccd2147
Sat 23 Mar 2024 09:10:52 PM UTC: 
 exercises.c | 2 +-
 1 file changed, 1 insertion(+), 1 deletion(-)
 tests:  5|1
total_score: 50/70
d64ee53
Sat 23 Mar 2024 09:11:21 PM UTC: 
 exercises.c | 1 -
 1 file changed, 1 deletion(-)
 tests:  4|1
total_score: 50/70
f602538
Sat 23 Mar 2024 09:11:39 PM UTC: 
 exercises.c | 2 +-
 1 file changed, 1 insertion(+), 1 deletion(-)
 tests:  4|1
total_score: 50/70
c64dac1
Sat 23 Mar 2024 09:11:59 PM UTC: 
 exercises.c | 1 -
 1 file changed, 1 deletion(-)
 tests:  5|1
total_score: 50/70
eafd89b
Sat 23 Mar 2024 09:12:23 PM UTC: 
 exercises.c | 1 +
 1 file changed, 1 insertion(+)
 tests:  4|1
total_score: 50/70
ab0c3d0
Sat 23 Mar 2024 09:13:55 PM UTC: 
 exercises.c | 1 +
 1 file changed, 1 insertion(+)
 tests:  5|1
total_score: 50/70
f301d82
Sat 23 Mar 2024 09:14:42 PM UTC: 
 exercises.c | 8 ++++----
 1 file changed, 4 insertions(+), 4 deletions(-)
 tests:  5|1
total_score: 50/70
7198272
Sat 23 Mar 2024 09:15:04 PM UTC: 
 exercises.c | 4 ++--
 1 file changed, 2 insertions(+), 2 deletions(-)
 tests:  5|1
total_score: 50/70
3505396
Sat 23 Mar 2024 09:18:43 PM UTC: 
 exercises.c | 1 -
 1 file changed, 1 deletion(-)
 tests:  5|1
total_score: 50/70
0b80082
Sat 23 Mar 2024 09:20:29 PM UTC: 
 exercises.c | 4 ++--
 1 file changed, 2 insertions(+), 2 deletions(-)
 tests:  5|1
total_score: 50/70
3bcd116
Sat 23 Mar 2024 09:21:26 PM UTC: 
 exercises.c | 2 +-
 1 file changed, 1 insertion(+), 1 deletion(-)
 tests:  5|1
total_score: 50/70
848cc06
Sat 23 Mar 2024 09:23:12 PM UTC: 
 exercises.c | 2 +-
 1 file changed, 1 insertion(+), 1 deletion(-)
 tests:  5|1
total_score: 50/70
4aad443
Sat 23 Mar 2024 09:23:36 PM UTC: 
 exercises.c | 1 +
 1 file changed, 1 insertion(+)
 tests:  5|1
total_score: 50/70
427e535
Sat 23 Mar 2024 09:24:06 PM UTC: 
 exercises.c | 3 ++-
 1 file changed, 2 insertions(+), 1 deletion(-)
 tests:  5|1
total_score: 50/70
0f87be6
Sat 23 Mar 2024 09:35:13 PM UTC: 
 exercises.c | 6 +++---
 1 file changed, 3 insertions(+), 3 deletions(-)
 tests:  4|1
total_score: 50/70
14bfedd
Sat 23 Mar 2024 09:37:58 PM UTC: 
 exercises.c | 4 ++++
 1 file changed, 4 insertions(+)
 tests:  5|1
total_score: 50/70
af88984
Sat 23 Mar 2024 09:51:49 PM UTC: 
 exercises.c | 16 +++++++---------
 1 file changed, 7 insertions(+), 9 deletions(-)
 tests:  4|1
total_score: 50/70
6bd37c7
Sat 23 Mar 2024 09:55:09 PM UTC: 
 exercises.c | 12 ++++++++----
 1 file changed, 8 insertions(+), 4 deletions(-)
 tests:  5|1
total_score: 50/70
73911ca
Sat 23 Mar 2024 09:55:40 PM UTC: 
 exercises.c | 1 +
 1 file changed, 1 insertion(+)
 tests:  5|1
total_score: 50/70
bfdca8e
Sat 23 Mar 2024 10:04:56 PM UTC: 
 exercises.c | 17 +++++++++++++++--
 1 file changed, 15 insertions(+), 2 deletions(-)
In file included from test.c:6:
arraylist.c: In function ‘create_list’:
arraylist.c:15:34: error: invalid application of ‘sizeof’ to incomplete type ‘List’
   15 |   List* L = (List*)malloc(sizeof(List));
      |                                  ^~~~
arraylist.c:16:4: error: invalid use of incomplete typedef ‘List’
   16 |   L->current = 0;
      |    ^~
arraylist.c:17:4: error: invalid use of incomplete typedef ‘List’
   17 |   L->size = 0;
      |    ^~
arraylist.c: In function ‘first’:
arraylist.c:22:7: error: invalid use of incomplete typedef ‘List’
   22 |   if(L->size == 0) {
      |       ^~
arraylist.c:25:4: error: invalid use of incomplete typedef ‘List’
   25 |   L->current = 0;
      |    ^~
arraylist.c:26:11: error: invalid use of incomplete typedef ‘List’
   26 |   return L->data[L->current];
      |           ^~
arraylist.c:26:19: error: invalid use of incomplete typedef ‘List’
   26 |   return L->data[L->current];
      |                   ^~
arraylist.c: In function ‘next’:
arraylist.c:30:7: error: invalid use of incomplete typedef ‘List’
   30 |   if(L->current < L->size - 1) {
      |       ^~
arraylist.c:30:20: error: invalid use of incomplete typedef ‘List’
   30 |   if(L->current < L->size - 1) {
      |                    ^~
arraylist.c:31:6: error: invalid use of incomplete typedef ‘List’
   31 |     L->current++;
      |      ^~
arraylist.c:32:13: error: invalid use of incomplete typedef ‘List’
   32 |     return L->data[L->current];
      |             ^~
arraylist.c:32:21: error: invalid use of incomplete typedef ‘List’
   32 |     return L->data[L->current];
      |                     ^~
arraylist.c: In function ‘pushFront’:
arraylist.c:38:7: error: invalid use of incomplete typedef ‘List’
   38 |   if(L->size == 0) {
      |       ^~
arraylist.c:39:6: error: invalid use of incomplete typedef ‘List’
   39 |     L->data[0] = dato;
      |      ^~
arraylist.c:40:6: error: invalid use of incomplete typedef ‘List’
   40 |     L->size++;
      |      ^~
arraylist.c:43:16: error: invalid use of incomplete typedef ‘List’
   43 |   for(int i = L->size; i > 0; i--) {
      |                ^~
arraylist.c:44:6: error: invalid use of incomplete typedef ‘List’
   44 |     L->data[i] = L->data[i - 1];
      |      ^~
arraylist.c:44:19: error: invalid use of incomplete typedef ‘List’
   44 |     L->data[i] = L->data[i - 1];
      |                   ^~
arraylist.c:46:4: error: invalid use of incomplete typedef ‘List’
   46 |   L->data[0] = dato;
      |    ^~
arraylist.c:47:4: error: invalid use of incomplete typedef ‘List’
   47 |   L->size++;
      |    ^~
arraylist.c: In function ‘pushBack’:
arraylist.c:51:4: error: invalid use of incomplete typedef ‘List’
   51 |   L->data[L->size] = dato;
      |    ^~
arraylist.c:51:12: error: invalid use of incomplete typedef ‘List’
   51 |   L->data[L->size] = dato;
      |            ^~
arraylist.c:52:4: error: invalid use of incomplete typedef ‘List’
   52 |   L->size++;
      |    ^~
arraylist.c: In function ‘pushCurrent’:
arraylist.c:56:7: error: invalid use of incomplete typedef ‘List’
   56 |   if(L->size == 0) {
      |       ^~
arraylist.c:57:6: error: invalid use of incomplete typedef ‘List’
   57 |     L->data[0] = dato;
      |      ^~
arraylist.c:58:6: error: invalid use of incomplete typedef ‘List’
   58 |     L->size++;
      |      ^~
arraylist.c:61:16: error: invalid use of incomplete typedef ‘List’
   61 |   for(int i = L->size; i > L->current; i--) {
      |                ^~
arraylist.c:61:29: error: invalid use of incomplete typedef ‘List’
   61 |   for(int i = L->size; i > L->current; i--) {
      |                             ^~
arraylist.c:62:6: error: invalid use of incomplete typedef ‘List’
   62 |     L->data[i] = L->data[i - 1];
      |      ^~
arraylist.c:62:19: error: invalid use of incomplete typedef ‘List’
   62 |     L->data[i] = L->data[i - 1];
      |                   ^~
arraylist.c:64:4: error: invalid use of incomplete typedef ‘List’
   64 |   L->data[L->current + 1] = dato;
      |    ^~
arraylist.c:64:12: error: invalid use of incomplete typedef ‘List’
   64 |   L->data[L->current + 1] = dato;
      |            ^~
arraylist.c:65:4: error: invalid use of incomplete typedef ‘List’
   65 |   L->size++;
      |    ^~
arraylist.c: In function ‘popFront’:
arraylist.c:69:7: error: invalid use of incomplete typedef ‘List’
   69 |   if(L->size == 0) {
      |       ^~
arraylist.c:72:17: error: invalid use of incomplete typedef ‘List’
   72 |   void* dato = L->data[0];
      |                 ^~
arraylist.c:73:23: error: invalid use of incomplete typedef ‘List’
   73 |   for(int i = 0; i < L->size - 1; i++) {
      |                       ^~
arraylist.c:74:6: error: invalid use of incomplete typedef ‘List’
   74 |     L->data[i] = L->data[i + 1];
      |      ^~
arraylist.c:74:19: error: invalid use of incomplete typedef ‘List’
   74 |     L->data[i] = L->data[i + 1];
      |                   ^~
arraylist.c:76:4: error: invalid use of incomplete typedef ‘List’
   76 |   L->size--;
      |    ^~
arraylist.c: In function ‘popBack’:
arraylist.c:81:7: error: invalid use of incomplete typedef ‘List’
   81 |   if(L->size == 0) {
      |       ^~
arraylist.c:84:17: error: invalid use of incomplete typedef ‘List’
   84 |   void* dato = L->data[L->size - 1];
      |                 ^~
arraylist.c:84:25: error: invalid use of incomplete typedef ‘List’
   84 |   void* dato = L->data[L->size - 1];
      |                         ^~
arraylist.c:85:4: error: invalid use of incomplete typedef ‘List’
   85 |   L->size--;
      |    ^~
arraylist.c: In function ‘popCurrent’:
arraylist.c:90:7: error: invalid use of incomplete typedef ‘List’
   90 |   if(L->size == 0) {
      |       ^~
arraylist.c:93:17: error: invalid use of incomplete typedef ‘List’
   93 |   void* dato = L->data[L->current];
      |                 ^~
arraylist.c:93:25: error: invalid use of incomplete typedef ‘List’
   93 |   void* dato = L->data[L->current];
      |                         ^~
arraylist.c:94:16: error: invalid use of incomplete typedef ‘List’
   94 |   for(int i = L->current; i < L->size - 1; i++) {
      |                ^~
arraylist.c:94:32: error: invalid use of incomplete typedef ‘List’
   94 |   for(int i = L->current; i < L->size - 1; i++) {
      |                                ^~
arraylist.c:95:6: error: invalid use of incomplete typedef ‘List’
   95 |     L->data[i] = L->data[i + 1];
      |      ^~
arraylist.c:95:19: error: invalid use of incomplete typedef ‘List’
   95 |     L->data[i] = L->data[i + 1];
      |                   ^~
arraylist.c:97:4: error: invalid use of incomplete typedef ‘List’
   97 |   L->size--;
      |    ^~
arraylist.c:98:4: error: invalid use of incomplete typedef ‘List’
   98 |   L->current--;
      |    ^~
arraylist.c: In function ‘get_size’:
arraylist.c:103:11: error: invalid use of incomplete typedef ‘List’
  103 |   return L->size;
      |           ^~
test.c: In function ‘parentesisBalanceados’:
test.c:253:5: error: ‘main’ is normally a non-static function [-Werror=main]
  253 | int main( int argc, char *argv[] ) {
      |     ^~~~
test.c:271:1: error: expected declaration or statement at end of input
  271 | }
      | ^
test.c:272: error: control reaches end of non-void function [-Werror=return-type]
In file included from test.c:6:
arraylist.c: In function ‘first’:
arraylist.c:27:1: error: control reaches end of non-void function [-Werror=return-type]
   27 | }
      | ^
At top level:
test.c:253:5: error: ‘main’ defined but not used [-Werror=unused-function]
  253 | int main( int argc, char *argv[] ) {
      |     ^~~~
test.c:37:6: error: ‘info_msg’ defined but not used [-Werror=unused-function]
   37 | void info_msg(char* msg){
      |      ^~~~~~~~
In file included from test.c:6:
arraylist.c:102:5: error: ‘get_size’ defined but not used [-Werror=unused-function]
  102 | int get_size(List *L) {
      |     ^~~~~~~~
arraylist.c:89:7: error: ‘popCurrent’ defined but not used [-Werror=unused-function]
   89 | void* popCurrent(List *L) {
      |       ^~~~~~~~~~
arraylist.c:80:7: error: ‘popBack’ defined but not used [-Werror=unused-function]
   80 | void* popBack(List *L) {
      |       ^~~~~~~
arraylist.c:68:7: error: ‘popFront’ defined but not used [-Werror=unused-function]
   68 | void* popFront(List *L) {
      |       ^~~~~~~~
arraylist.c:55:6: error: ‘pushCurrent’ defined but not used [-Werror=unused-function]
   55 | void pushCurrent(List *L, void *dato) {
      |      ^~~~~~~~~~~
arraylist.c:37:6: error: ‘pushFront’ defined but not used [-Werror=unused-function]
   37 | void pushFront(List *L, void *dato) {
      |      ^~~~~~~~~
cc1: all warnings being treated as errors
Compilation failed
6d8868b
Sat 23 Mar 2024 10:05:37 PM UTC: 
 exercises.c | 1 -
 1 file changed, 1 deletion(-)
In file included from test.c:6:
arraylist.c: In function ‘create_list’:
arraylist.c:15:34: error: invalid application of ‘sizeof’ to incomplete type ‘List’
   15 |   List* L = (List*)malloc(sizeof(List));
      |                                  ^~~~
arraylist.c:16:4: error: invalid use of incomplete typedef ‘List’
   16 |   L->current = 0;
      |    ^~
arraylist.c:17:4: error: invalid use of incomplete typedef ‘List’
   17 |   L->size = 0;
      |    ^~
arraylist.c: In function ‘first’:
arraylist.c:22:7: error: invalid use of incomplete typedef ‘List’
   22 |   if(L->size == 0) {
      |       ^~
arraylist.c:25:4: error: invalid use of incomplete typedef ‘List’
   25 |   L->current = 0;
      |    ^~
arraylist.c:26:11: error: invalid use of incomplete typedef ‘List’
   26 |   return L->data[L->current];
      |           ^~
arraylist.c:26:19: error: invalid use of incomplete typedef ‘List’
   26 |   return L->data[L->current];
      |                   ^~
arraylist.c: In function ‘next’:
arraylist.c:30:7: error: invalid use of incomplete typedef ‘List’
   30 |   if(L->current < L->size - 1) {
      |       ^~
arraylist.c:30:20: error: invalid use of incomplete typedef ‘List’
   30 |   if(L->current < L->size - 1) {
      |                    ^~
arraylist.c:31:6: error: invalid use of incomplete typedef ‘List’
   31 |     L->current++;
      |      ^~
arraylist.c:32:13: error: invalid use of incomplete typedef ‘List’
   32 |     return L->data[L->current];
      |             ^~
arraylist.c:32:21: error: invalid use of incomplete typedef ‘List’
   32 |     return L->data[L->current];
      |                     ^~
arraylist.c: In function ‘pushFront’:
arraylist.c:38:7: error: invalid use of incomplete typedef ‘List’
   38 |   if(L->size == 0) {
      |       ^~
arraylist.c:39:6: error: invalid use of incomplete typedef ‘List’
   39 |     L->data[0] = dato;
      |      ^~
arraylist.c:40:6: error: invalid use of incomplete typedef ‘List’
   40 |     L->size++;
      |      ^~
arraylist.c:43:16: error: invalid use of incomplete typedef ‘List’
   43 |   for(int i = L->size; i > 0; i--) {
      |                ^~
arraylist.c:44:6: error: invalid use of incomplete typedef ‘List’
   44 |     L->data[i] = L->data[i - 1];
      |      ^~
arraylist.c:44:19: error: invalid use of incomplete typedef ‘List’
   44 |     L->data[i] = L->data[i - 1];
      |                   ^~
arraylist.c:46:4: error: invalid use of incomplete typedef ‘List’
   46 |   L->data[0] = dato;
      |    ^~
arraylist.c:47:4: error: invalid use of incomplete typedef ‘List’
   47 |   L->size++;
      |    ^~
arraylist.c: In function ‘pushBack’:
arraylist.c:51:4: error: invalid use of incomplete typedef ‘List’
   51 |   L->data[L->size] = dato;
      |    ^~
arraylist.c:51:12: error: invalid use of incomplete typedef ‘List’
   51 |   L->data[L->size] = dato;
      |            ^~
arraylist.c:52:4: error: invalid use of incomplete typedef ‘List’
   52 |   L->size++;
      |    ^~
arraylist.c: In function ‘pushCurrent’:
arraylist.c:56:7: error: invalid use of incomplete typedef ‘List’
   56 |   if(L->size == 0) {
      |       ^~
arraylist.c:57:6: error: invalid use of incomplete typedef ‘List’
   57 |     L->data[0] = dato;
      |      ^~
arraylist.c:58:6: error: invalid use of incomplete typedef ‘List’
   58 |     L->size++;
      |      ^~
arraylist.c:61:16: error: invalid use of incomplete typedef ‘List’
   61 |   for(int i = L->size; i > L->current; i--) {
      |                ^~
arraylist.c:61:29: error: invalid use of incomplete typedef ‘List’
   61 |   for(int i = L->size; i > L->current; i--) {
      |                             ^~
arraylist.c:62:6: error: invalid use of incomplete typedef ‘List’
   62 |     L->data[i] = L->data[i - 1];
      |      ^~
arraylist.c:62:19: error: invalid use of incomplete typedef ‘List’
   62 |     L->data[i] = L->data[i - 1];
      |                   ^~
arraylist.c:64:4: error: invalid use of incomplete typedef ‘List’
   64 |   L->data[L->current + 1] = dato;
      |    ^~
arraylist.c:64:12: error: invalid use of incomplete typedef ‘List’
   64 |   L->data[L->current + 1] = dato;
      |            ^~
arraylist.c:65:4: error: invalid use of incomplete typedef ‘List’
   65 |   L->size++;
      |    ^~
arraylist.c: In function ‘popFront’:
arraylist.c:69:7: error: invalid use of incomplete typedef ‘List’
   69 |   if(L->size == 0) {
      |       ^~
arraylist.c:72:17: error: invalid use of incomplete typedef ‘List’
   72 |   void* dato = L->data[0];
      |                 ^~
arraylist.c:73:23: error: invalid use of incomplete typedef ‘List’
   73 |   for(int i = 0; i < L->size - 1; i++) {
      |                       ^~
arraylist.c:74:6: error: invalid use of incomplete typedef ‘List’
   74 |     L->data[i] = L->data[i + 1];
      |      ^~
arraylist.c:74:19: error: invalid use of incomplete typedef ‘List’
   74 |     L->data[i] = L->data[i + 1];
      |                   ^~
arraylist.c:76:4: error: invalid use of incomplete typedef ‘List’
   76 |   L->size--;
      |    ^~
arraylist.c: In function ‘popBack’:
arraylist.c:81:7: error: invalid use of incomplete typedef ‘List’
   81 |   if(L->size == 0) {
      |       ^~
arraylist.c:84:17: error: invalid use of incomplete typedef ‘List’
   84 |   void* dato = L->data[L->size - 1];
      |                 ^~
arraylist.c:84:25: error: invalid use of incomplete typedef ‘List’
   84 |   void* dato = L->data[L->size - 1];
      |                         ^~
arraylist.c:85:4: error: invalid use of incomplete typedef ‘List’
   85 |   L->size--;
      |    ^~
arraylist.c: In function ‘popCurrent’:
arraylist.c:90:7: error: invalid use of incomplete typedef ‘List’
   90 |   if(L->size == 0) {
      |       ^~
arraylist.c:93:17: error: invalid use of incomplete typedef ‘List’
   93 |   void* dato = L->data[L->current];
      |                 ^~
arraylist.c:93:25: error: invalid use of incomplete typedef ‘List’
   93 |   void* dato = L->data[L->current];
      |                         ^~
arraylist.c:94:16: error: invalid use of incomplete typedef ‘List’
   94 |   for(int i = L->current; i < L->size - 1; i++) {
      |                ^~
arraylist.c:94:32: error: invalid use of incomplete typedef ‘List’
   94 |   for(int i = L->current; i < L->size - 1; i++) {
      |                                ^~
arraylist.c:95:6: error: invalid use of incomplete typedef ‘List’
   95 |     L->data[i] = L->data[i + 1];
      |      ^~
arraylist.c:95:19: error: invalid use of incomplete typedef ‘List’
   95 |     L->data[i] = L->data[i + 1];
      |                   ^~
arraylist.c:97:4: error: invalid use of incomplete typedef ‘List’
   97 |   L->size--;
      |    ^~
arraylist.c:98:4: error: invalid use of incomplete typedef ‘List’
   98 |   L->current--;
      |    ^~
arraylist.c: In function ‘get_size’:
arraylist.c:103:11: error: invalid use of incomplete typedef ‘List’
  103 |   return L->size;
      |           ^~
test.c: In function ‘parentesisBalanceados’:
test.c:253:5: error: ‘main’ is normally a non-static function [-Werror=main]
  253 | int main( int argc, char *argv[] ) {
      |     ^~~~
test.c:271:1: error: expected declaration or statement at end of input
  271 | }
      | ^
test.c:272: error: control reaches end of non-void function [-Werror=return-type]
In file included from test.c:6:
arraylist.c: In function ‘first’:
arraylist.c:27:1: error: control reaches end of non-void function [-Werror=return-type]
   27 | }
      | ^
At top level:
test.c:253:5: error: ‘main’ defined but not used [-Werror=unused-function]
  253 | int main( int argc, char *argv[] ) {
      |     ^~~~
test.c:37:6: error: ‘info_msg’ defined but not used [-Werror=unused-function]
   37 | void info_msg(char* msg){
      |      ^~~~~~~~
In file included from test.c:6:
arraylist.c:102:5: error: ‘get_size’ defined but not used [-Werror=unused-function]
  102 | int get_size(List *L) {
      |     ^~~~~~~~
arraylist.c:89:7: error: ‘popCurrent’ defined but not used [-Werror=unused-function]
   89 | void* popCurrent(List *L) {
      |       ^~~~~~~~~~
arraylist.c:80:7: error: ‘popBack’ defined but not used [-Werror=unused-function]
   80 | void* popBack(List *L) {
      |       ^~~~~~~
arraylist.c:68:7: error: ‘popFront’ defined but not used [-Werror=unused-function]
   68 | void* popFront(List *L) {
      |       ^~~~~~~~
arraylist.c:55:6: error: ‘pushCurrent’ defined but not used [-Werror=unused-function]
   55 | void pushCurrent(List *L, void *dato) {
      |      ^~~~~~~~~~~
arraylist.c:37:6: error: ‘pushFront’ defined but not used [-Werror=unused-function]
   37 | void pushFront(List *L, void *dato) {
      |      ^~~~~~~~~
cc1: all warnings being treated as errors
Compilation failed
e8d0978
Sat 23 Mar 2024 10:07:42 PM UTC: 
 exercises.c | 2 +-
 1 file changed, 1 insertion(+), 1 deletion(-)
In file included from test.c:6:
arraylist.c: In function ‘create_list’:
arraylist.c:15:34: error: invalid application of ‘sizeof’ to incomplete type ‘List’
   15 |   List* L = (List*)malloc(sizeof(List));
      |                                  ^~~~
arraylist.c:16:4: error: invalid use of incomplete typedef ‘List’
   16 |   L->current = 0;
      |    ^~
arraylist.c:17:4: error: invalid use of incomplete typedef ‘List’
   17 |   L->size = 0;
      |    ^~
arraylist.c: In function ‘first’:
arraylist.c:22:7: error: invalid use of incomplete typedef ‘List’
   22 |   if(L->size == 0) {
      |       ^~
arraylist.c:25:4: error: invalid use of incomplete typedef ‘List’
   25 |   L->current = 0;
      |    ^~
arraylist.c:26:11: error: invalid use of incomplete typedef ‘List’
   26 |   return L->data[L->current];
      |           ^~
arraylist.c:26:19: error: invalid use of incomplete typedef ‘List’
   26 |   return L->data[L->current];
      |                   ^~
arraylist.c: In function ‘next’:
arraylist.c:30:7: error: invalid use of incomplete typedef ‘List’
   30 |   if(L->current < L->size - 1) {
      |       ^~
arraylist.c:30:20: error: invalid use of incomplete typedef ‘List’
   30 |   if(L->current < L->size - 1) {
      |                    ^~
arraylist.c:31:6: error: invalid use of incomplete typedef ‘List’
   31 |     L->current++;
      |      ^~
arraylist.c:32:13: error: invalid use of incomplete typedef ‘List’
   32 |     return L->data[L->current];
      |             ^~
arraylist.c:32:21: error: invalid use of incomplete typedef ‘List’
   32 |     return L->data[L->current];
      |                     ^~
arraylist.c: In function ‘pushFront’:
arraylist.c:38:7: error: invalid use of incomplete typedef ‘List’
   38 |   if(L->size == 0) {
      |       ^~
arraylist.c:39:6: error: invalid use of incomplete typedef ‘List’
   39 |     L->data[0] = dato;
      |      ^~
arraylist.c:40:6: error: invalid use of incomplete typedef ‘List’
   40 |     L->size++;
      |      ^~
arraylist.c:43:16: error: invalid use of incomplete typedef ‘List’
   43 |   for(int i = L->size; i > 0; i--) {
      |                ^~
arraylist.c:44:6: error: invalid use of incomplete typedef ‘List’
   44 |     L->data[i] = L->data[i - 1];
      |      ^~
arraylist.c:44:19: error: invalid use of incomplete typedef ‘List’
   44 |     L->data[i] = L->data[i - 1];
      |                   ^~
arraylist.c:46:4: error: invalid use of incomplete typedef ‘List’
   46 |   L->data[0] = dato;
      |    ^~
arraylist.c:47:4: error: invalid use of incomplete typedef ‘List’
   47 |   L->size++;
      |    ^~
arraylist.c: In function ‘pushBack’:
arraylist.c:51:4: error: invalid use of incomplete typedef ‘List’
   51 |   L->data[L->size] = dato;
      |    ^~
arraylist.c:51:12: error: invalid use of incomplete typedef ‘List’
   51 |   L->data[L->size] = dato;
      |            ^~
arraylist.c:52:4: error: invalid use of incomplete typedef ‘List’
   52 |   L->size++;
      |    ^~
arraylist.c: In function ‘pushCurrent’:
arraylist.c:56:7: error: invalid use of incomplete typedef ‘List’
   56 |   if(L->size == 0) {
      |       ^~
arraylist.c:57:6: error: invalid use of incomplete typedef ‘List’
   57 |     L->data[0] = dato;
      |      ^~
arraylist.c:58:6: error: invalid use of incomplete typedef ‘List’
   58 |     L->size++;
      |      ^~
arraylist.c:61:16: error: invalid use of incomplete typedef ‘List’
   61 |   for(int i = L->size; i > L->current; i--) {
      |                ^~
arraylist.c:61:29: error: invalid use of incomplete typedef ‘List’
   61 |   for(int i = L->size; i > L->current; i--) {
      |                             ^~
arraylist.c:62:6: error: invalid use of incomplete typedef ‘List’
   62 |     L->data[i] = L->data[i - 1];
      |      ^~
arraylist.c:62:19: error: invalid use of incomplete typedef ‘List’
   62 |     L->data[i] = L->data[i - 1];
      |                   ^~
arraylist.c:64:4: error: invalid use of incomplete typedef ‘List’
   64 |   L->data[L->current + 1] = dato;
      |    ^~
arraylist.c:64:12: error: invalid use of incomplete typedef ‘List’
   64 |   L->data[L->current + 1] = dato;
      |            ^~
arraylist.c:65:4: error: invalid use of incomplete typedef ‘List’
   65 |   L->size++;
      |    ^~
arraylist.c: In function ‘popFront’:
arraylist.c:69:7: error: invalid use of incomplete typedef ‘List’
   69 |   if(L->size == 0) {
      |       ^~
arraylist.c:72:17: error: invalid use of incomplete typedef ‘List’
   72 |   void* dato = L->data[0];
      |                 ^~
arraylist.c:73:23: error: invalid use of incomplete typedef ‘List’
   73 |   for(int i = 0; i < L->size - 1; i++) {
      |                       ^~
arraylist.c:74:6: error: invalid use of incomplete typedef ‘List’
   74 |     L->data[i] = L->data[i + 1];
      |      ^~
arraylist.c:74:19: error: invalid use of incomplete typedef ‘List’
   74 |     L->data[i] = L->data[i + 1];
      |                   ^~
arraylist.c:76:4: error: invalid use of incomplete typedef ‘List’
   76 |   L->size--;
      |    ^~
arraylist.c: In function ‘popBack’:
arraylist.c:81:7: error: invalid use of incomplete typedef ‘List’
   81 |   if(L->size == 0) {
      |       ^~
arraylist.c:84:17: error: invalid use of incomplete typedef ‘List’
   84 |   void* dato = L->data[L->size - 1];
      |                 ^~
arraylist.c:84:25: error: invalid use of incomplete typedef ‘List’
   84 |   void* dato = L->data[L->size - 1];
      |                         ^~
arraylist.c:85:4: error: invalid use of incomplete typedef ‘List’
   85 |   L->size--;
      |    ^~
arraylist.c: In function ‘popCurrent’:
arraylist.c:90:7: error: invalid use of incomplete typedef ‘List’
   90 |   if(L->size == 0) {
      |       ^~
arraylist.c:93:17: error: invalid use of incomplete typedef ‘List’
   93 |   void* dato = L->data[L->current];
      |                 ^~
arraylist.c:93:25: error: invalid use of incomplete typedef ‘List’
   93 |   void* dato = L->data[L->current];
      |                         ^~
arraylist.c:94:16: error: invalid use of incomplete typedef ‘List’
   94 |   for(int i = L->current; i < L->size - 1; i++) {
      |                ^~
arraylist.c:94:32: error: invalid use of incomplete typedef ‘List’
   94 |   for(int i = L->current; i < L->size - 1; i++) {
      |                                ^~
arraylist.c:95:6: error: invalid use of incomplete typedef ‘List’
   95 |     L->data[i] = L->data[i + 1];
      |      ^~
arraylist.c:95:19: error: invalid use of incomplete typedef ‘List’
   95 |     L->data[i] = L->data[i + 1];
      |                   ^~
arraylist.c:97:4: error: invalid use of incomplete typedef ‘List’
   97 |   L->size--;
      |    ^~
arraylist.c:98:4: error: invalid use of incomplete typedef ‘List’
   98 |   L->current--;
      |    ^~
arraylist.c: In function ‘get_size’:
arraylist.c:103:11: error: invalid use of incomplete typedef ‘List’
  103 |   return L->size;
      |           ^~
test.c: In function ‘parentesisBalanceados’:
test.c:253:5: error: ‘main’ is normally a non-static function [-Werror=main]
  253 | int main( int argc, char *argv[] ) {
      |     ^~~~
test.c:271:1: error: expected declaration or statement at end of input
  271 | }
      | ^
test.c:272: error: control reaches end of non-void function [-Werror=return-type]
In file included from test.c:6:
arraylist.c: In function ‘first’:
arraylist.c:27:1: error: control reaches end of non-void function [-Werror=return-type]
   27 | }
      | ^
At top level:
test.c:253:5: error: ‘main’ defined but not used [-Werror=unused-function]
  253 | int main( int argc, char *argv[] ) {
      |     ^~~~
test.c:37:6: error: ‘info_msg’ defined but not used [-Werror=unused-function]
   37 | void info_msg(char* msg){
      |      ^~~~~~~~
In file included from test.c:6:
arraylist.c:102:5: error: ‘get_size’ defined but not used [-Werror=unused-function]
  102 | int get_size(List *L) {
      |     ^~~~~~~~
arraylist.c:89:7: error: ‘popCurrent’ defined but not used [-Werror=unused-function]
   89 | void* popCurrent(List *L) {
      |       ^~~~~~~~~~
arraylist.c:80:7: error: ‘popBack’ defined but not used [-Werror=unused-function]
   80 | void* popBack(List *L) {
      |       ^~~~~~~
arraylist.c:68:7: error: ‘popFront’ defined but not used [-Werror=unused-function]
   68 | void* popFront(List *L) {
      |       ^~~~~~~~
arraylist.c:55:6: error: ‘pushCurrent’ defined but not used [-Werror=unused-function]
   55 | void pushCurrent(List *L, void *dato) {
      |      ^~~~~~~~~~~
arraylist.c:37:6: error: ‘pushFront’ defined but not used [-Werror=unused-function]
   37 | void pushFront(List *L, void *dato) {
      |      ^~~~~~~~~
cc1: all warnings being treated as errors
Compilation failed
3917395
Sat 23 Mar 2024 10:08:48 PM UTC: 
 exercises.c | 43 +------------------------------------------
 1 file changed, 1 insertion(+), 42 deletions(-)
 tests:  5|1
total_score: 50/70
1ae150f
Sat 23 Mar 2024 10:09:55 PM UTC: 
 exercises.c | 43 ++++++++++++++++++++++++++++++++++++++++++-
 1 file changed, 42 insertions(+), 1 deletion(-)
 tests:  5|1
total_score: 50/70
55ea26c
Sat 23 Mar 2024 10:10:30 PM UTC: 
 exercises.c | 1 +
 1 file changed, 1 insertion(+)
 tests:  5|1
total_score: 50/70
72e9f9e
Sat 23 Mar 2024 10:12:07 PM UTC: 
 exercises.c | 4 +++-
 1 file changed, 3 insertions(+), 1 deletion(-)
 tests:  5|1
total_score: 50/70
9ff5f3d
Sat 23 Mar 2024 10:13:16 PM UTC: 
 exercises.c | 5 +----
 1 file changed, 1 insertion(+), 4 deletions(-)
 tests:  5|1
total_score: 50/70
017272a
Sat 23 Mar 2024 10:14:13 PM UTC: 
 exercises.c | 2 +-
 1 file changed, 1 insertion(+), 1 deletion(-)
In file included from test.c:5:
exercises.c: In function ‘parentesisBalanceados’:
exercises.c:148:60: error: expected statement before ‘)’ token
  148 |         if (cadena[i] == ')' && *(char *) top(pila) == '('))
      |                                                            ^
Compilation failed
634c86a
Sat 23 Mar 2024 10:14:26 PM UTC: 
 exercises.c | 2 +-
 1 file changed, 1 insertion(+), 1 deletion(-)
 tests:  5|1
total_score: 50/70
5628060
Sat 23 Mar 2024 10:15:38 PM UTC: 
 exercises.c | 8 +++-----
 1 file changed, 3 insertions(+), 5 deletions(-)
In file included from test.c:5:
exercises.c: In function ‘parentesisBalanceados’:
exercises.c:164:24: error: expected ‘;’ before ‘}’ token
  164 |               top(pila)
      |                        ^
      |                        ;
  165 |             }
      |             ~           
Compilation failed
82049df
Sat 23 Mar 2024 10:15:50 PM UTC: 
 exercises.c | 2 +-
 1 file changed, 1 insertion(+), 1 deletion(-)
 tests:  5|1
total_score: 50/70
0ecda99
Sat 23 Mar 2024 10:18:05 PM UTC: 
 exercises.c | 11 ++++++++---
 1 file changed, 8 insertions(+), 3 deletions(-)
 tests:  5|1
total_score: 50/70
083e4d0
Sat 23 Mar 2024 10:18:32 PM UTC: 
 exercises.c | 2 +-
 1 file changed, 1 insertion(+), 1 deletion(-)
 tests:  5|1
total_score: 50/70
4f58075
Sat 23 Mar 2024 10:27:30 PM UTC: 
 exercises.c | 16 ++++++----------
 1 file changed, 6 insertions(+), 10 deletions(-)
 tests:  5|1
total_score: 50/70
b757d8e
Sat 23 Mar 2024 10:28:14 PM UTC: 
 exercises.c | 1 -
 1 file changed, 1 deletion(-)
 tests:  5|1
total_score: 50/70
173b5d3
Sat 23 Mar 2024 10:28:36 PM UTC: 
 exercises.c | 3 ---
 1 file changed, 3 deletions(-)
 tests:  5|1
total_score: 50/70
864bb10
Sat 23 Mar 2024 10:29:04 PM UTC: 
 exercises.c | 1 +
 1 file changed, 1 insertion(+)
 tests:  5|1
total_score: 50/70
fe0f185
Sat 23 Mar 2024 10:30:01 PM UTC: 
 exercises.c | 2 +-
 1 file changed, 1 insertion(+), 1 deletion(-)
 tests:  5|1
total_score: 50/70
6e4ffbe
Sat 23 Mar 2024 10:30:18 PM UTC: 
 exercises.c | 5 -----
 1 file changed, 5 deletions(-)
 tests:  5|1
total_score: 50/70
51cfde3
